<?xml version="1.0" encoding="UTF-8"?>
<testsuite xmlns:xsi="http://www.w3.org/2001/XMLSchema-instance" xsi:noNamespaceSchemaLocation="https://maven.apache.org/surefire/maven-surefire-plugin/xsd/surefire-test-report-3.0.xsd" version="3.0" name="datetimechecker.ThanhTest" time="0.038" tests="5" errors="0" skipped="0" failures="0">
  <properties>
[...]
</properties>
  <testcase name="checkDayInMonthUTCID01" classname="datetimechecker.ThanhTest" time="0.019"/>
  <testcase name="checkDayInMonthUTCID02" classname="datetimechecker.ThanhTest" time="0.001"/>
  <testcase name="checkDayInMonthUTCID03" classname="datetimechecker.ThanhTest" time="0.001"/>
  <testcase name="checkDayInMonthUTCID04" classname="datetimechecker.ThanhTest" time="0.001"/>
  <testcase name="checkDayInMonthUTCID05" classname="datetimechecker.ThanhTest" time="0.001"/>
</testsuite>